TN:verilator_coverage
SF:../rtl/../rtl/clint.v
DA:23,29487139
DA:24,55
DA:25,55
DA:27,13820
DA:28,55
DA:29,2173696
DA:30,6066370
DA:31,435226
DA:33,66
DA:34,55
DA:35,147217606
DA:36,66
DA:37,60
DA:39,1650
DA:40,2
DA:41,2
DA:46,29485616
DA:47,31426
DA:48,29485736
DA:55,29487194
DA:56,14743597
DA:57,110
DA:58,55
DA:59,7919097
DA:60,6824445
DA:62,7919097
DA:66,29487194
DA:67,14743597
DA:68,110
DA:69,55
DA:70,4
DA:71,2
DA:72,4
DA:73,2
DA:74,550
DA:75,14742988
DA:79,29487194
DA:80,14743597
DA:81,110
DA:82,55
DA:83,3188
DA:84,1594
DA:85,1598
DA:86,799
DA:92,29487194
DA:93,14743597
DA:94,110
DA:95,55
DA:96,55
DA:97,8
DA:98,4
DA:99,4
DA:104,29487194
DA:105,14743597
DA:106,110
DA:107,55
DA:108,88
DA:109,44
DA:111,14743498
DA:114,29487194
DA:115,14743597
DA:116,88
DA:117,44
DA:118,6
DA:119,12
DA:120,2
DA:121,2
DA:122,46
end_of_record
SF:../rtl/../rtl/riscv.v
DA:29,29487139
DA:30,55
DA:32,110
DA:33,1
DA:34,55
DA:37,1650
DA:38,2
DA:39,2
DA:42,165
DA:43,55
DA:44,32464084
DA:45,55
DA:46,164047716
DA:49,1676684
DA:50,55
DA:51,2173696
DA:52,6066370
DA:53,435226
DA:55,3633092
DA:56,55
DA:57,147217606
DA:58,55
DA:59,11400130
DA:67,110
DA:68,164047716
DA:69,110
DA:70,165
DA:72,110
DA:73,110
DA:74,110
DA:76,32464084
DA:77,32464016
DA:78,32463655
DA:79,32463598
DA:80,164047716
DA:84,107922908
DA:85,110388364
DA:86,122231776
DA:88,164046955
DA:89,142667858
DA:90,8119975
DA:91,29947144
DA:92,27733372
DA:93,30249778
DA:94,15300544
DA:95,4931894
DA:96,1825522
DA:97,3633092
DA:98,147217606
DA:99,39999630
DA:100,5415889
DA:101,1212070
DA:102,351158
DA:103,286390
DA:104,142188
DA:105,1960778
DA:106,855230
DA:107,3580506
DA:108,461726
DA:109,1673704
DA:110,5338
DA:111,4031171
DA:112,5449480
DA:113,6948
DA:114,23911
DA:115,93822510
DA:116,23968
DA:117,388
DA:118,6
DA:119,0
DA:120,0
DA:121,14
DA:122,0
DA:123,1592
DA:124,2
DA:125,2
DA:128,2414476
DA:131,5142751
DA:132,98291427
DA:133,15300526
DA:134,1676684
DA:135,3633092
DA:136,30249760
DA:137,4031217
DA:138,4031162
DA:139,4031162
DA:140,4031116
DA:141,2173696
DA:142,8356318
DA:143,435226
DA:144,6066370
DA:145,68954351
DA:146,4031162
DA:148,4
DA:150,29485618
DA:151,21423306
DA:153,0
DA:154,11094
DA:155,1
DA:156,12
DA:157,7
DA:158,113
DA:159,33711
DA:160,1278
DA:161,192
DA:175,29487194
DA:176,110
DA:177,55
DA:178,14
DA:180,7
DA:183,29487194
DA:184,110
DA:185,55
DA:186,55
DA:187,14743542
DA:188,14743542
DA:189,14743542
DA:193,29487194
DA:194,110
DA:195,55
DA:196,440
DA:197,14743102
DA:209,142668060
DA:211,110
DA:212,55
DA:213,143410
DA:214,296800
DA:215,2660910
DA:216,857402
DA:217,3849026
DA:218,4564452
DA:219,2215874
DA:220,7737316
DA:221,3868658
DA:222,5482444
DA:223,8
DA:224,1679020
DA:225,642
DA:229,29487194
DA:230,110
DA:231,55
DA:232,55
DA:233,55
DA:234,55
DA:235,55
DA:236,55
DA:237,55
DA:238,55
DA:239,55
DA:240,55
DA:241,55
DA:242,55
DA:243,55
DA:244,55
DA:245,55
DA:246,55
DA:247,55
DA:248,55
DA:249,55
DA:250,55
DA:252,55
DA:254,440
DA:255,14743102
DA:256,14743102
DA:257,14743102
DA:258,14743102
DA:259,14743102
DA:260,14743102
DA:261,14743102
DA:262,14743102
DA:263,14743102
DA:264,14743102
DA:265,14743102
DA:266,14743102
DA:267,14743102
DA:268,14743102
DA:269,14743102
DA:270,14743102
DA:273,14743102
DA:274,14743102
DA:275,14743102
DA:276,14743102
DA:277,14743102
DA:278,14743102
DA:279,14743102
DA:280,14743102
DA:281,14743102
DA:282,14743102
DA:283,14743102
DA:284,14743102
DA:285,14743102
DA:286,14743102
DA:287,14743102
DA:288,14743102
DA:289,14743102
DA:290,14743102
DA:291,14743102
DA:292,14743102
DA:293,14743102
DA:294,14743102
DA:295,14743102
DA:296,14743102
DA:297,14743102
DA:298,14743102
DA:299,14743102
DA:300,14743102
DA:301,14743102
DA:302,14743102
DA:303,14743102
DA:305,14743102
DA:307,14743102
DA:308,14743102
DA:310,14743102
DA:316,110
DA:317,8
DA:318,4
DA:319,2
DA:320,1
DA:324,29487194
DA:325,110
DA:326,55
DA:327,4564452
DA:328,2282226
DA:329,3633092
DA:330,1816546
DA:333,29487194
DA:334,110
DA:335,55
DA:336,440
DA:337,14743102
DA:344,179338310
DA:345,180735224
DA:346,98291823
DA:347,36572285
DA:348,4024774
DA:377,110
DA:378,55
DA:379,55
DA:380,55
DA:382,55
DA:383,2660910
DA:384,857384
DA:385,3849026
DA:386,1924513
DA:387,1621218
DA:388,810609
DA:389,810609
DA:390,525912
DA:392,1308216
DA:393,654108
DA:394,654108
DA:395,241872
DA:397,139514
DA:398,69757
DA:399,69757
DA:400,26037
DA:402,146848
DA:403,73424
DA:404,73424
DA:405,38034
DA:407,107760
DA:408,53880
DA:409,53880
DA:410,30522
DA:412,525464
DA:413,262732
DA:414,262732
DA:415,20432
DA:417,6
DA:418,3
DA:419,3
DA:423,22119984
DA:424,11059992
DA:425,11059992
DA:431,239590836
DA:432,200489652
DA:433,179854108
DA:434,222608480
DA:435,209172774
DA:436,92188082
DA:437,82705310
DA:460,110
DA:461,55
DA:462,2215874
DA:463,2660910
DA:464,857384
DA:465,296800
DA:466,143410
DA:467,1217202
DA:469,2470114
DA:470,1235057
DA:471,1325068
DA:472,1170
DA:473,1296
DA:474,4808
DA:475,564606
DA:476,3674
DA:477,564388
DA:479,5104
DA:482,10748766
DA:483,5374383
DA:484,450727
DA:485,3215625
DA:487,450727
DA:490,1363120
DA:491,9168
DA:492,137678
DA:493,93116
DA:494,53576
DA:495,405328
DA:497,53576
DA:498,352084
DA:500,543088
DA:502,8876844
DA:503,4438422
DA:508,29487194
DA:509,110
DA:510,55
DA:511,440
DA:512,14743102
DA:513,14743102
DA:514,14743102
DA:518,29487194
DA:519,110
DA:520,55
DA:521,55
DA:522,55
DA:523,55
DA:524,55
DA:525,55
DA:526,55
DA:527,55
DA:528,440
DA:529,14743102
DA:530,14743102
DA:531,14743102
DA:533,14743102
DA:535,14743102
DA:536,14743102
DA:537,14743102
DA:538,14743102
DA:539,14743102
DA:540,14743102
DA:541,14743102
DA:545,29487194
DA:546,110
DA:547,55
DA:548,2062190
DA:549,1031095
DA:550,1676684
DA:551,838342
DA:554,29487194
DA:555,110
DA:556,55
DA:557,55
DA:558,55
DA:559,2215874
DA:560,1107937
DA:561,1107937
DA:562,38834
DA:563,19417
DA:564,19417
DA:565,19188
DA:566,6934
DA:567,5930
DA:568,6782
DA:571,315920
DA:572,157960
DA:573,157960
DA:575,1861114
DA:576,930557
DA:577,930557
DA:579,6
DA:580,3
DA:581,3
DA:597,29487194
DA:598,110
DA:599,55
DA:600,55
DA:601,440
DA:602,14743102
DA:603,14743102
DA:607,110
DA:608,55
DA:609,11980778
DA:610,5990389
DA:611,8305340
DA:612,4152670
DA:613,1339890
DA:614,669945
DA:615,1097168
DA:616,548584
DA:617,1238380
DA:618,619190
DA:621,3164592
DA:622,1582296
DA:623,1582296
DA:624,1582296
DA:626,7133998
DA:627,3566999
DA:629,1634144
DA:630,817072
DA:631,492256
DA:632,794204
DA:633,201552
DA:634,146132
DA:637,1411818
DA:638,705909
DA:639,705909
DA:640,705909
DA:642,4161974
DA:643,2080987
DA:664,110
DA:665,55
DA:666,55
DA:667,14
DA:668,0
DA:669,0
DA:670,0
DA:671,1592
DA:672,2
DA:673,2
DA:674,5338
DA:675,2669
DA:676,1908
DA:677,0
DA:678,3428
DA:679,2
DA:681,1
DA:683,1
DA:692,29487194
DA:693,110
DA:694,55
DA:695,55
DA:696,55
DA:697,55
DA:698,55
DA:699,4031602
DA:700,10711940
DA:701,14
DA:702,7
DA:703,7
DA:704,7
DA:705,7
DA:706,7
DA:707,7
DA:709,22466
DA:710,11233
DA:711,3422
DA:712,1711
DA:713,1711
DA:714,1711
DA:716,2
DA:717,1
DA:718,1
DA:719,1
DA:721,2
DA:722,1
DA:723,1
DA:724,1
DA:726,18878
DA:727,9439
DA:728,9439
DA:729,9439
DA:731,2
DA:732,1
DA:733,1
DA:734,1
DA:736,160
DA:739,0
DA:740,0
DA:741,0
DA:742,0
DA:743,0
DA:744,0
DA:745,0
DA:747,0
DA:748,0
DA:749,0
DA:750,0
DA:751,0
DA:752,0
DA:753,0
DA:755,0
DA:756,0
DA:757,0
DA:758,0
DA:759,0
DA:760,0
DA:761,0
DA:763,1592
DA:764,796
DA:765,796
DA:766,796
DA:767,796
DA:768,796
DA:769,796
DA:771,2
DA:772,1
DA:773,1
DA:774,1
DA:775,1
DA:776,1
DA:777,1
DA:779,2
DA:780,1
DA:781,1
DA:782,1
DA:783,1
DA:784,1
DA:785,1
DA:787,5338
DA:788,2669
DA:789,1908
DA:790,954
DA:791,954
DA:792,954
DA:793,954
DA:794,954
DA:795,954
DA:797,0
DA:798,0
DA:799,0
DA:800,0
DA:801,0
DA:802,0
DA:803,0
DA:805,3428
DA:806,1714
DA:807,1714
DA:808,1714
DA:809,1714
DA:810,1714
DA:812,2
DA:813,1
DA:814,1
DA:815,1
DA:816,1
DA:817,1
DA:829,110
DA:830,55
DA:831,55
DA:832,552816
DA:833,276408
DA:834,4
DA:835,4
DA:836,4
DA:837,10
DA:838,0
DA:839,22292
DA:840,4
DA:841,20
DA:842,4
DA:843,128
DA:844,6844
DA:845,3340
DA:846,4
DA:847,520138
DA:848,4
DA:849,8
DA:850,4
DA:851,4
DA:852,2
DA:854,2
DA:861,29487194
DA:862,110
DA:863,55
DA:864,55
DA:865,55
DA:866,22468
DA:867,11234
DA:868,2
DA:869,2
DA:870,2
DA:871,2
DA:872,18878
DA:873,0
DA:874,0
DA:875,0
DA:876,0
DA:878,2
DA:879,1
DA:880,1
DA:881,1
DA:883,14
DA:884,7
DA:885,7
DA:886,7
DA:888,128
DA:889,64
DA:890,64
DA:891,64
DA:893,3422
DA:894,2
DA:895,2
DA:896,2
DA:897,2
DA:898,2
DA:899,2
DA:900,4
DA:907,29487194
DA:908,110
DA:909,55
DA:910,55
DA:911,55
DA:912,440
DA:913,220
DA:914,110
DA:915,14742992
DA:916,14742992
DA:917,4031162
DA:918,10711830
DA:950,29487194
DA:951,110
DA:952,55
DA:953,6839385
DA:954,7904157
end_of_record
SF:../rtl/../rtl/top.v
DA:26,29487139
DA:27,55
DA:29,110
DA:30,1
DA:33,2
DA:36,165
DA:37,55
DA:38,32464084
DA:39,55
DA:40,164047716
DA:43,1662864
DA:44,55
DA:45,2173696
DA:46,6066370
DA:47,435226
DA:49,3633026
DA:50,55
DA:51,147217606
DA:52,3633026
DA:53,10392778
DA:55,2
DA:60,1650
DA:61,55
DA:63,13820
DA:64,55
DA:65,2173696
DA:66,6066370
DA:67,435226
DA:69,66
DA:70,55
DA:71,147217606
DA:72,66
DA:73,60
DA:75,1676684
DA:76,55
DA:77,2173696
DA:78,6066370
DA:79,435226
DA:81,3633092
DA:82,55
DA:83,147217606
DA:84,55
DA:85,11400130
DA:86,78790
DA:87,2
DA:101,29487194
DA:102,14743597
DA:103,110
DA:104,55
DA:106,14743542
end_of_record
